# JRE version: Java(TM) SE Runtime Environment (7.0_76-b13) (build 1.7.0_76-b13)
# Java VM: Java HotSpot(TM) 64-Bit Server VM (24.76-b04 mixed mode linux-amd64 compressed oops)
Heap
 PSYoungGen      total 133120K, used 13002K [0x00000000eba80000, 0x00000000f9000000, 0x0000000100000000)
  eden space 126976K, 5% used [0x00000000eba80000,0x00000000ec137070,0x00000000f3680000)
  from space 6144K, 99% used [0x00000000f3680000,0x00000000f3c7b8f0,0x00000000f3c80000)
  to   space 7680K, 0% used [0x00000000f8880000,0x00000000f8880000,0x00000000f9000000)
 ParOldGen       total 41472K, used 6659K [0x00000000c3000000, 0x00000000c5880000, 0x00000000eba80000)
  object space 41472K, 16% used [0x00000000c3000000,0x00000000c3680d88,0x00000000c5880000)
 PSPermGen       total 21504K, used 14870K [0x00000000bde00000, 0x00000000bf300000, 0x00000000c3000000)
  object space 21504K, 69% used [0x00000000bde00000,0x00000000bec85808,0x00000000bf300000)
GC Heap History (10 events):
Event: 16,207 GC heap before
{Heap before GC invocations=5 (full 0):
 PSYoungGen      total 34304K, used 34282K [0x00000000eba80000, 0x00000000ede80000, 0x0000000100000000)
  eden space 31744K, 100% used [0x00000000eba80000,0x00000000ed980000,0x00000000ed980000)
  from space 2560K, 99% used [0x00000000edc00000,0x00000000ede7a880,0x00000000ede80000)
  to   space 2560K, 0% used [0x00000000ed980000,0x00000000ed980000,0x00000000edc00000)
 ParOldGen       total 41472K, used 1921K [0x00000000c3000000, 0x00000000c5880000, 0x00000000eba80000)
  object space 41472K, 4% used [0x00000000c3000000,0x00000000c31e06f8,0x00000000c5880000)
 PSPermGen       total 21504K, used 14793K [0x00000000bde00000, 0x00000000bf300000, 0x00000000c3000000)
  object space 21504K, 68% used [0x00000000bde00000,0x00000000bec72758,0x00000000bf300000)
Event: 16,216 GC heap after
Heap after GC invocations=5 (full 0):
 PSYoungGen      total 34304K, used 1584K [0x00000000eba80000, 0x00000000f0180000, 0x0000000100000000)
  eden space 31744K, 0% used [0x00000000eba80000,0x00000000eba80000,0x00000000ed980000)
  from space 2560K, 61% used [0x00000000ed980000,0x00000000edb0c030,0x00000000edc00000)
  to   space 4608K, 0% used [0x00000000efd00000,0x00000000efd00000,0x00000000f0180000)
 ParOldGen       total 41472K, used 3835K [0x00000000c3000000, 0x00000000c5880000, 0x00000000eba80000)
  object space 41472K, 9% used [0x00000000c3000000,0x00000000c33bef48,0x00000000c5880000)
 PSPermGen       total 21504K, used 14793K [0x00000000bde00000, 0x00000000bf300000, 0x00000000c3000000)
  object space 21504K, 68% used [0x00000000bde00000,0x00000000bec72758,0x00000000bf300000)
}
Event: 16,253 GC heap before
{Heap before GC invocations=6 (full 0):
 PSYoungGen      total 34304K, used 31944K [0x00000000eba80000, 0x00000000f0180000, 0x0000000100000000)
  eden space 31744K, 95% used [0x00000000eba80000,0x00000000ed8262d0,0x00000000ed980000)
  from space 2560K, 61% used [0x00000000ed980000,0x00000000edb0c030,0x00000000edc00000)
  to   space 4608K, 0% used [0x00000000efd00000,0x00000000efd00000,0x00000000f0180000)
 ParOldGen       total 41472K, used 3835K [0x00000000c3000000, 0x00000000c5880000, 0x00000000eba80000)
  object space 41472K, 9% used [0x00000000c3000000,0x00000000c33bef48,0x00000000c5880000)
 PSPermGen       total 21504K, used 14796K [0x00000000bde00000, 0x00000000bf300000, 0x00000000c3000000)
  object space 21504K, 68% used [0x00000000bde00000,0x00000000bec73010,0x00000000bf300000)
Event: 16,281 GC heap after
Heap after GC invocations=6 (full 0):
 PSYoungGen      total 68096K, used 834K [0x00000000eba80000, 0x00000000f0180000, 0x0000000100000000)
  eden space 63488K, 0% used [0x00000000eba80000,0x00000000eba80000,0x00000000ef880000)
  from space 4608K, 18% used [0x00000000efd00000,0x00000000efdd0830,0x00000000f0180000)
  to   space 4608K, 0% used [0x00000000ef880000,0x00000000ef880000,0x00000000efd00000)
 ParOldGen       total 41472K, used 3835K [0x00000000c3000000, 0x00000000c5880000, 0x00000000eba80000)
  object space 41472K, 9% used [0x00000000c3000000,0x00000000c33bef48,0x00000000c5880000)
 PSPermGen       total 21504K, used 14796K [0x00000000bde00000, 0x00000000bf300000, 0x00000000c3000000)
  object space 21504K, 68% used [0x00000000bde00000,0x00000000bec73010,0x00000000bf300000)
}
Event: 21,103 GC heap before
{Heap before GC invocations=7 (full 0):
 PSYoungGen      total 68096K, used 64322K [0x00000000eba80000, 0x00000000f0180000, 0x0000000100000000)
  eden space 63488K, 100% used [0x00000000eba80000,0x00000000ef880000,0x00000000ef880000)
  from space 4608K, 18% used [0x00000000efd00000,0x00000000efdd0830,0x00000000f0180000)
  to   space 4608K, 0% used [0x00000000ef880000,0x00000000ef880000,0x00000000efd00000)
 ParOldGen       total 41472K, used 3835K [0x00000000c3000000, 0x00000000c5880000, 0x00000000eba80000)
  object space 41472K, 9% used [0x00000000c3000000,0x00000000c33bef48,0x00000000c5880000)
 PSPermGen       total 21504K, used 14848K [0x00000000bde00000, 0x00000000bf300000, 0x00000000c3000000)
  object space 21504K, 69% used [0x00000000bde00000,0x00000000bec80190,0x00000000bf300000)
Event: 21,123 GC heap after
Heap after GC invocations=7 (full 0):
 PSYoungGen      total 68096K, used 4596K [0x00000000eba80000, 0x00000000f4280000, 0x0000000100000000)
  eden space 63488K, 0% used [0x00000000eba80000,0x00000000eba80000,0x00000000ef880000)
  from space 4608K, 99% used [0x00000000ef880000,0x00000000efcfd0a0,0x00000000efd00000)
  to   space 6144K, 0% used [0x00000000f3c80000,0x00000000f3c80000,0x00000000f4280000)
 ParOldGen       total 41472K, used 5306K [0x00000000c3000000, 0x00000000c5880000, 0x00000000eba80000)
  object space 41472K, 12% used [0x00000000c3000000,0x00000000c352e978,0x00000000c5880000)
 PSPermGen       total 21504K, used 14848K [0x00000000bde00000, 0x00000000bf300000, 0x00000000c3000000)
  object space 21504K, 69% used [0x00000000bde00000,0x00000000bec80190,0x00000000bf300000)
}
Event: 21,147 GC heap before
{Heap before GC invocations=8 (full 0):
 PSYoungGen      total 68096K, used 68084K [0x00000000eba80000, 0x00000000f4280000, 0x0000000100000000)
  eden space 63488K, 100% used [0x00000000eba80000,0x00000000ef880000,0x00000000ef880000)
  from space 4608K, 99% used [0x00000000ef880000,0x00000000efcfd0a0,0x00000000efd00000)
  to   space 6144K, 0% used [0x00000000f3c80000,0x00000000f3c80000,0x00000000f4280000)
 ParOldGen       total 41472K, used 5306K [0x00000000c3000000, 0x00000000c5880000, 0x00000000eba80000)
  object space 41472K, 12% used [0x00000000c3000000,0x00000000c352e978,0x00000000c5880000)
 PSPermGen       total 21504K, used 14853K [0x00000000bde00000, 0x00000000bf300000, 0x00000000c3000000)
  object space 21504K, 69% used [0x00000000bde00000,0x00000000bec81598,0x00000000bf300000)
Event: 21,155 GC heap after
Heap after GC invocations=8 (full 0):
 PSYoungGen      total 133120K, used 2157K [0x00000000eba80000, 0x00000000f4280000, 0x0000000100000000)
  eden space 126976K, 0% used [0x00000000eba80000,0x00000000eba80000,0x00000000f3680000)
  from space 6144K, 35% used [0x00000000f3c80000,0x00000000f3e9b4e8,0x00000000f4280000)
  to   space 6144K, 0% used [0x00000000f3680000,0x00000000f3680000,0x00000000f3c80000)
 ParOldGen       total 41472K, used 5467K [0x00000000c3000000, 0x00000000c5880000, 0x00000000eba80000)
  object space 41472K, 13% used [0x00000000c3000000,0x00000000c3556d88,0x00000000c5880000)
 PSPermGen       total 21504K, used 14853K [0x00000000bde00000, 0x00000000bf300000, 0x00000000c3000000)
  object space 21504K, 69% used [0x00000000bde00000,0x00000000bec81598,0x00000000bf300000)
}
Event: 23,836 GC heap before
{Heap before GC invocations=9 (full 0):
 PSYoungGen      total 133120K, used 129133K [0x00000000eba80000, 0x00000000f4280000, 0x0000000100000000)
  eden space 126976K, 100% used [0x00000000eba80000,0x00000000f3680000,0x00000000f3680000)
  from space 6144K, 35% used [0x00000000f3c80000,0x00000000f3e9b4e8,0x00000000f4280000)
  to   space 6144K, 0% used [0x00000000f3680000,0x00000000f3680000,0x00000000f3c80000)
 ParOldGen       total 41472K, used 5467K [0x00000000c3000000, 0x00000000c5880000, 0x00000000eba80000)
  object space 41472K, 13% used [0x00000000c3000000,0x00000000c3556d88,0x00000000c5880000)
 PSPermGen       total 21504K, used 14869K [0x00000000bde00000, 0x00000000bf300000, 0x00000000c3000000)
  object space 21504K, 69% used [0x00000000bde00000,0x00000000bec856a8,0x00000000bf300000)
Event: 23,851 GC heap after
Heap after GC invocations=9 (full 0):
 PSYoungGen      total 133120K, used 6126K [0x00000000eba80000, 0x00000000f9000000, 0x0000000100000000)
  eden space 126976K, 0% used [0x00000000eba80000,0x00000000eba80000,0x00000000f3680000)
  from space 6144K, 99% used [0x00000000f3680000,0x00000000f3c7b8f0,0x00000000f3c80000)
  to   space 7680K, 0% used [0x00000000f8880000,0x00000000f8880000,0x00000000f9000000)
 ParOldGen       total 41472K, used 6659K [0x00000000c3000000, 0x00000000c5880000, 0x00000000eba80000)
  object space 41472K, 16% used [0x00000000c3000000,0x00000000c3680d88,0x00000000c5880000)
 PSPermGen       total 21504K, used 14869K [0x00000000bde00000, 0x00000000bf300000, 0x00000000c3000000)
  object space 21504K, 69% used [0x00000000bde00000,0x00000000bec856a8,0x00000000bf300000)
}

